# JRE version: OpenJDK Runtime Environment (11.0.11+9) (build 11.0.11+9-b60-7590822)
# Java VM: OpenJDK 64-Bit Server VM (11.0.11+9-b60-7590822, mixed mode, tiered, compressed oops, g1 gc, windows-amd64)
Heap:
 garbage-first heap   total 512000K, used 297613K [0x0000000080000000, 0x0000000100000000)
  region size 1024K, 73 young (74752K), 14 survivors (14336K)
 Metaspace       used 160282K, capacity 164168K, committed 164268K, reserved 1191936K
  class space    used 19667K, capacity 21105K, committed 21196K, reserved 1048576K
GC Heap History (20 events):
Event: 74.799 GC heap after
{Heap after GC invocations=66 (full 0):
 garbage-first heap   total 409600K, used 241953K [0x0000000080000000, 0x0000000100000000)
  region size 1024K, 3 young (3072K), 3 survivors (3072K)
 Metaspace       used 154957K, capacity 158714K, committed 158892K, reserved 1187840K
  class space    used 19192K, capacity 20573K, committed 20684K, reserved 1048576K
}
Event: 75.153 GC heap before
{Heap before GC invocations=66 (full 0):
 garbage-first heap   total 409600K, used 293153K [0x0000000080000000, 0x0000000100000000)
  region size 1024K, 55 young (56320K), 3 survivors (3072K)
 Metaspace       used 155519K, capacity 159234K, committed 159404K, reserved 1187840K
  class space    used 19241K, capacity 20616K, committed 20684K, reserved 1048576K
}
Event: 75.168 GC heap after
{Heap after GC invocations=67 (full 0):
 garbage-first heap   total 512000K, used 244256K [0x0000000080000000, 0x0000000100000000)
  region size 1024K, 5 young (5120K), 5 survivors (5120K)
 Metaspace       used 155519K, capacity 159234K, committed 159404K, reserved 1187840K
  class space    used 19241K, capacity 20616K, committed 20684K, reserved 1048576K
}
Event: 75.909 GC heap before
{Heap before GC invocations=68 (full 0):
 garbage-first heap   total 512000K, used 291360K [0x0000000080000000, 0x0000000100000000)
  region size 1024K, 46 young (47104K), 5 survivors (5120K)
 Metaspace       used 155780K, capacity 159505K, committed 159660K, reserved 1187840K
  class space    used 19266K, capacity 20637K, committed 20684K, reserved 1048576K
}
Event: 75.922 GC heap after
{Heap after GC invocations=69 (full 0):
 garbage-first heap   total 512000K, used 254284K [0x0000000080000000, 0x0000000100000000)
  region size 1024K, 8 young (8192K), 8 survivors (8192K)
 Metaspace       used 155780K, capacity 159505K, committed 159660K, reserved 1187840K
  class space    used 19266K, capacity 20637K, committed 20684K, reserved 1048576K
}
Event: 76.674 GC heap before
{Heap before GC invocations=70 (full 0):
 garbage-first heap   total 512000K, used 373068K [0x0000000080000000, 0x0000000100000000)
  region size 1024K, 108 young (110592K), 8 survivors (8192K)
 Metaspace       used 156101K, capacity 159891K, committed 160044K, reserved 1187840K
  class space    used 19298K, capacity 20720K, committed 20812K, reserved 1048576K
}
Event: 76.698 GC heap after
{Heap after GC invocations=71 (full 0):
 garbage-first heap   total 512000K, used 284723K [0x0000000080000000, 0x0000000100000000)
  region size 1024K, 14 young (14336K), 14 survivors (14336K)
 Metaspace       used 156101K, capacity 159891K, committed 160044K, reserved 1187840K
  class space    used 19298K, capacity 20720K, committed 20812K, reserved 1048576K
}
Event: 76.806 GC heap before
{Heap before GC invocations=71 (full 0):
 garbage-first heap   total 512000K, used 289843K [0x0000000080000000, 0x0000000100000000)
  region size 1024K, 20 young (20480K), 14 survivors (14336K)
 Metaspace       used 156166K, capacity 159959K, committed 160300K, reserved 1189888K
  class space    used 19299K, capacity 20721K, committed 20812K, reserved 1048576K
}
Event: 76.824 GC heap after
{Heap after GC invocations=72 (full 0):
 garbage-first heap   total 512000K, used 286065K [0x0000000080000000, 0x0000000100000000)
  region size 1024K, 2 young (2048K), 2 survivors (2048K)
 Metaspace       used 156166K, capacity 159959K, committed 160300K, reserved 1189888K
  class space    used 19299K, capacity 20721K, committed 20812K, reserved 1048576K
}
Event: 77.982 GC heap before
{Heap before GC invocations=73 (full 0):
 garbage-first heap   total 512000K, used 388465K [0x0000000080000000, 0x0000000100000000)
  region size 1024K, 74 young (75776K), 2 survivors (2048K)
 Metaspace       used 156475K, capacity 160373K, committed 160556K, reserved 1189888K
  class space    used 19325K, capacity 20761K, committed 20812K, reserved 1048576K
}
Event: 77.985 GC heap after
{Heap after GC invocations=74 (full 0):
 garbage-first heap   total 512000K, used 302787K [0x0000000080000000, 0x0000000100000000)
  region size 1024K, 1 young (1024K), 1 survivors (1024K)
 Metaspace       used 156475K, capacity 160373K, committed 160556K, reserved 1189888K
  class space    used 19325K, capacity 20761K, committed 20812K, reserved 1048576K
}
Event: 83.132 GC heap before
{Heap before GC invocations=74 (full 0):
 garbage-first heap   total 512000K, used 326339K [0x0000000080000000, 0x0000000100000000)
  region size 1024K, 25 young (25600K), 1 survivors (1024K)
 Metaspace       used 157011K, capacity 160928K, committed 161068K, reserved 1189888K
  class space    used 19358K, capacity 20796K, committed 20812K, reserved 1048576K
}
Event: 83.141 GC heap after
{Heap after GC invocations=75 (full 0):
 garbage-first heap   total 512000K, used 276802K [0x0000000080000000, 0x0000000100000000)
  region size 1024K, 2 young (2048K), 2 survivors (2048K)
 Metaspace       used 157011K, capacity 160928K, committed 161068K, reserved 1189888K
  class space    used 19358K, capacity 20796K, committed 20812K, reserved 1048576K
}
Event: 83.318 GC heap before
{Heap before GC invocations=75 (full 0):
 garbage-first heap   total 512000K, used 294210K [0x0000000080000000, 0x0000000100000000)
  region size 1024K, 20 young (20480K), 2 survivors (2048K)
 Metaspace       used 157092K, capacity 161003K, committed 161068K, reserved 1189888K
  class space    used 19361K, capacity 20799K, committed 20812K, reserved 1048576K
}
Event: 83.322 GC heap after
{Heap after GC invocations=76 (full 0):
 garbage-first heap   total 512000K, used 276952K [0x0000000080000000, 0x0000000100000000)
  region size 1024K, 2 young (2048K), 2 survivors (2048K)
 Metaspace       used 157092K, capacity 161003K, committed 161068K, reserved 1189888K
  class space    used 19361K, capacity 20799K, committed 20812K, reserved 1048576K
}
Event: 85.195 GC heap before
{Heap before GC invocations=77 (full 0):
 garbage-first heap   total 512000K, used 334296K [0x0000000080000000, 0x0000000100000000)
  region size 1024K, 84 young (86016K), 2 survivors (2048K)
 Metaspace       used 157728K, capacity 161638K, committed 161964K, reserved 1189888K
  class space    used 19405K, capacity 20839K, committed 20940K, reserved 1048576K
}
Event: 85.211 GC heap after
{Heap after GC invocations=78 (full 0):
 garbage-first heap   total 512000K, used 257787K [0x0000000080000000, 0x0000000100000000)
  region size 1024K, 11 young (11264K), 11 survivors (11264K)
 Metaspace       used 157728K, capacity 161638K, committed 161964K, reserved 1189888K
  class space    used 19405K, capacity 20839K, committed 20940K, reserved 1048576K
}
Event: 85.390 GC heap before
{Heap before GC invocations=78 (full 0):
 garbage-first heap   total 512000K, used 271099K [0x0000000080000000, 0x0000000100000000)
  region size 1024K, 25 young (25600K), 11 survivors (11264K)
 Metaspace       used 159762K, capacity 163624K, committed 163884K, reserved 1191936K
  class space    used 19603K, capacity 21032K, committed 21068K, reserved 1048576K
}
Event: 85.409 GC heap after
{Heap after GC invocations=79 (full 0):
 garbage-first heap   total 512000K, used 237710K [0x0000000080000000, 0x0000000100000000)
  region size 1024K, 3 young (3072K), 3 survivors (3072K)
 Metaspace       used 159762K, capacity 163624K, committed 163884K, reserved 1191936K
  class space    used 19603K, capacity 21032K, committed 21068K, reserved 1048576K
}
Event: 85.673 GC heap before
{Heap before GC invocations=79 (full 0):
 garbage-first heap   total 512000K, used 296078K [0x0000000080000000, 0x0000000100000000)
  region size 1024K, 62 young (63488K), 3 survivors (3072K)
 Metaspace       used 160282K, capacity 164168K, committed 164268K, reserved 1191936K
  class space    used 19667K, capacity 21105K, committed 21196K, reserved 1048576K
}

