# JRE version: OpenJDK Runtime Environment (11.0.11+9) (build 11.0.11+9-b60-7590822)
# Java VM: OpenJDK 64-Bit Server VM (11.0.11+9-b60-7590822, mixed mode, tiered, compressed oops, g1 gc, windows-amd64)
Heap:
 garbage-first heap   total 262144K, used 179712K [0x0000000080000000, 0x0000000100000000)
  region size 1024K, 19 young (19456K), 7 survivors (7168K)
 Metaspace       used 109820K, capacity 112151K, committed 112420K, reserved 1146880K
  class space    used 13610K, capacity 14550K, committed 14592K, reserved 1048576K
GC Heap History (20 events):
Event: 10.728 GC heap before
{Heap before GC invocations=10 (full 0):
 garbage-first heap   total 262144K, used 96165K [0x0000000080000000, 0x0000000100000000)
  region size 1024K, 64 young (65536K), 17 survivors (17408K)
 Metaspace       used 58383K, capacity 59829K, committed 59940K, reserved 1101824K
  class space    used 7360K, capacity 7893K, committed 7936K, reserved 1048576K
}
Event: 10.748 GC heap after
{Heap after GC invocations=11 (full 0):
 garbage-first heap   total 262144K, used 51712K [0x0000000080000000, 0x0000000100000000)
  region size 1024K, 3 young (3072K), 3 survivors (3072K)
 Metaspace       used 58383K, capacity 59829K, committed 59940K, reserved 1101824K
  class space    used 7360K, capacity 7893K, committed 7936K, reserved 1048576K
}
Event: 12.695 GC heap before
{Heap before GC invocations=12 (full 0):
 garbage-first heap   total 262144K, used 155136K [0x0000000080000000, 0x0000000100000000)
  region size 1024K, 104 young (106496K), 3 survivors (3072K)
 Metaspace       used 67588K, capacity 69113K, committed 69412K, reserved 1110016K
  class space    used 8515K, capacity 9092K, committed 9216K, reserved 1048576K
}
Event: 12.710 GC heap after
{Heap after GC invocations=13 (full 0):
 garbage-first heap   total 262144K, used 59062K [0x0000000080000000, 0x0000000100000000)
  region size 1024K, 10 young (10240K), 10 survivors (10240K)
 Metaspace       used 67588K, capacity 69113K, committed 69412K, reserved 1110016K
  class space    used 8515K, capacity 9092K, committed 9216K, reserved 1048576K
}
Event: 14.671 GC heap before
{Heap before GC invocations=14 (full 0):
 garbage-first heap   total 262144K, used 165558K [0x0000000080000000, 0x0000000100000000)
  region size 1024K, 114 young (116736K), 10 survivors (10240K)
 Metaspace       used 77411K, capacity 79100K, committed 79268K, reserved 1118208K
  class space    used 9941K, capacity 10560K, committed 10624K, reserved 1048576K
}
Event: 14.687 GC heap after
{Heap after GC invocations=15 (full 0):
 garbage-first heap   total 262144K, used 66086K [0x0000000080000000, 0x0000000100000000)
  region size 1024K, 8 young (8192K), 8 survivors (8192K)
 Metaspace       used 77411K, capacity 79100K, committed 79268K, reserved 1118208K
  class space    used 9941K, capacity 10560K, committed 10624K, reserved 1048576K
}
Event: 16.433 GC heap before
{Heap before GC invocations=15 (full 0):
 garbage-first heap   total 262144K, used 173606K [0x0000000080000000, 0x0000000100000000)
  region size 1024K, 114 young (116736K), 8 survivors (8192K)
 Metaspace       used 86424K, capacity 88342K, committed 88484K, reserved 1126400K
  class space    used 11131K, capacity 11859K, committed 11904K, reserved 1048576K
}
Event: 16.449 GC heap after
{Heap after GC invocations=16 (full 0):
 garbage-first heap   total 262144K, used 74752K [0x0000000080000000, 0x0000000100000000)
  region size 1024K, 15 young (15360K), 15 survivors (15360K)
 Metaspace       used 86424K, capacity 88342K, committed 88484K, reserved 1126400K
  class space    used 11131K, capacity 11859K, committed 11904K, reserved 1048576K
}
Event: 18.284 GC heap before
{Heap before GC invocations=16 (full 0):
 garbage-first heap   total 262144K, used 182272K [0x0000000080000000, 0x0000000100000000)
  region size 1024K, 121 young (123904K), 15 survivors (15360K)
 Metaspace       used 88361K, capacity 90399K, committed 90532K, reserved 1128448K
  class space    used 11290K, capacity 12052K, committed 12160K, reserved 1048576K
}
Event: 18.309 GC heap after
{Heap after GC invocations=17 (full 0):
 garbage-first heap   total 262144K, used 83318K [0x0000000080000000, 0x0000000100000000)
  region size 1024K, 9 young (9216K), 9 survivors (9216K)
 Metaspace       used 88361K, capacity 90399K, committed 90532K, reserved 1128448K
  class space    used 11290K, capacity 12052K, committed 12160K, reserved 1048576K
}
Event: 19.327 GC heap before
{Heap before GC invocations=17 (full 0):
 garbage-first heap   total 262144K, used 189814K [0x0000000080000000, 0x0000000100000000)
  region size 1024K, 114 young (116736K), 9 survivors (9216K)
 Metaspace       used 92349K, capacity 94458K, committed 94628K, reserved 1132544K
  class space    used 11808K, capacity 12578K, committed 12672K, reserved 1048576K
}
Event: 19.339 GC heap after
{Heap after GC invocations=18 (full 0):
 garbage-first heap   total 262144K, used 87785K [0x0000000080000000, 0x0000000100000000)
  region size 1024K, 13 young (13312K), 13 survivors (13312K)
 Metaspace       used 92349K, capacity 94458K, committed 94628K, reserved 1132544K
  class space    used 11808K, capacity 12578K, committed 12672K, reserved 1048576K
}
Event: 20.625 GC heap before
{Heap before GC invocations=18 (full 0):
 garbage-first heap   total 262144K, used 200425K [0x0000000080000000, 0x0000000100000000)
  region size 1024K, 119 young (121856K), 13 survivors (13312K)
 Metaspace       used 96313K, capacity 98529K, committed 98724K, reserved 1134592K
  class space    used 12245K, capacity 13114K, committed 13184K, reserved 1048576K
}
Event: 20.643 GC heap after
{Heap after GC invocations=19 (full 0):
 garbage-first heap   total 262144K, used 97425K [0x0000000080000000, 0x0000000100000000)
  region size 1024K, 12 young (12288K), 12 survivors (12288K)
 Metaspace       used 96313K, capacity 98529K, committed 98724K, reserved 1134592K
  class space    used 12245K, capacity 13114K, committed 13184K, reserved 1048576K
}
Event: 22.616 GC heap before
{Heap before GC invocations=19 (full 0):
 garbage-first heap   total 262144K, used 209041K [0x0000000080000000, 0x0000000100000000)
  region size 1024K, 115 young (117760K), 12 survivors (12288K)
 Metaspace       used 103711K, capacity 106095K, committed 106148K, reserved 1142784K
  class space    used 13009K, capacity 13909K, committed 13952K, reserved 1048576K
}
Event: 22.636 GC heap after
{Heap after GC invocations=20 (full 0):
 garbage-first heap   total 262144K, used 112223K [0x0000000080000000, 0x0000000100000000)
  region size 1024K, 15 young (15360K), 15 survivors (15360K)
 Metaspace       used 103711K, capacity 106095K, committed 106148K, reserved 1142784K
  class space    used 13009K, capacity 13909K, committed 13952K, reserved 1048576K
}
Event: 23.554 GC heap before
{Heap before GC invocations=20 (full 0):
 garbage-first heap   total 262144K, used 204383K [0x0000000080000000, 0x0000000100000000)
  region size 1024K, 105 young (107520K), 15 survivors (15360K)
 Metaspace       used 106982K, capacity 109291K, committed 109604K, reserved 1144832K
  class space    used 13282K, capacity 14218K, committed 14336K, reserved 1048576K
}
Event: 23.597 GC heap after
{Heap after GC invocations=21 (full 0):
 garbage-first heap   total 262144K, used 154624K [0x0000000080000000, 0x0000000100000000)
  region size 1024K, 14 young (14336K), 14 survivors (14336K)
 Metaspace       used 106982K, capacity 109291K, committed 109604K, reserved 1144832K
  class space    used 13282K, capacity 14218K, committed 14336K, reserved 1048576K
}
Event: 23.732 GC heap before
{Heap before GC invocations=21 (full 0):
 garbage-first heap   total 262144K, used 172032K [0x0000000080000000, 0x0000000100000000)
  region size 1024K, 33 young (33792K), 14 survivors (14336K)
 Metaspace       used 107538K, capacity 109899K, committed 110116K, reserved 1144832K
  class space    used 13350K, capacity 14291K, committed 14336K, reserved 1048576K
}
Event: 23.751 GC heap after
{Heap after GC invocations=22 (full 0):
 garbage-first heap   total 262144K, used 165376K [0x0000000080000000, 0x0000000100000000)
  region size 1024K, 7 young (7168K), 7 survivors (7168K)
 Metaspace       used 107538K, capacity 109899K, committed 110116K, reserved 1144832K
  class space    used 13350K, capacity 14291K, committed 14336K, reserved 1048576K
}

