# JRE version: OpenJDK Runtime Environment (11.0.11+9) (build 11.0.11+9-b60-7590822)
# Java VM: OpenJDK 64-Bit Server VM (11.0.11+9-b60-7590822, mixed mode, tiered, compressed oops, g1 gc, windows-amd64)
Heap:
 garbage-first heap   total 262144K, used 217351K [0x0000000080000000, 0x0000000100000000)
  region size 1024K, 78 young (79872K), 7 survivors (7168K)
 Metaspace       used 119620K, capacity 122879K, committed 123120K, reserved 1157120K
  class space    used 15040K, capacity 16205K, committed 16332K, reserved 1048576K
GC Heap History (20 events):
Event: 10.133 GC heap after
{Heap after GC invocations=13 (full 0):
 garbage-first heap   total 262144K, used 61428K [0x0000000080000000, 0x0000000100000000)
  region size 1024K, 14 young (14336K), 14 survivors (14336K)
 Metaspace       used 55680K, capacity 57417K, committed 57544K, reserved 1099776K
  class space    used 7141K, capacity 7707K, committed 7808K, reserved 1048576K
}
Event: 15.357 GC heap before
{Heap before GC invocations=13 (full 0):
 garbage-first heap   total 262144K, used 207860K [0x0000000080000000, 0x0000000100000000)
  region size 1024K, 150 young (153600K), 14 survivors (14336K)
 Metaspace       used 69496K, capacity 71446K, committed 71496K, reserved 1112064K
  class space    used 8803K, capacity 9470K, committed 9472K, reserved 1048576K
}
Event: 15.378 GC heap after
{Heap after GC invocations=14 (full 0):
 garbage-first heap   total 262144K, used 82728K [0x0000000080000000, 0x0000000100000000)
  region size 1024K, 19 young (19456K), 19 survivors (19456K)
 Metaspace       used 69496K, capacity 71446K, committed 71496K, reserved 1112064K
  class space    used 8803K, capacity 9470K, committed 9472K, reserved 1048576K
}
Event: 16.618 GC heap before
{Heap before GC invocations=14 (full 0):
 garbage-first heap   total 262144K, used 166696K [0x0000000080000000, 0x0000000100000000)
  region size 1024K, 101 young (103424K), 19 survivors (19456K)
 Metaspace       used 75178K, capacity 77277K, committed 77348K, reserved 1116160K
  class space    used 9520K, capacity 10226K, committed 10240K, reserved 1048576K
}
Event: 16.645 GC heap after
{Heap after GC invocations=15 (full 0):
 garbage-first heap   total 262144K, used 90557K [0x0000000080000000, 0x0000000100000000)
  region size 1024K, 7 young (7168K), 7 survivors (7168K)
 Metaspace       used 75178K, capacity 77277K, committed 77348K, reserved 1116160K
  class space    used 9520K, capacity 10226K, committed 10240K, reserved 1048576K
}
Event: 17.909 GC heap before
{Heap before GC invocations=16 (full 0):
 garbage-first heap   total 262144K, used 191933K [0x0000000080000000, 0x0000000100000000)
  region size 1024K, 106 young (108544K), 7 survivors (7168K)
 Metaspace       used 85214K, capacity 87398K, committed 87664K, reserved 1126400K
  class space    used 10990K, capacity 11758K, committed 11852K, reserved 1048576K
}
Event: 17.924 GC heap after
{Heap after GC invocations=17 (full 0):
 garbage-first heap   total 262144K, used 95971K [0x0000000080000000, 0x0000000100000000)
  region size 1024K, 12 young (12288K), 12 survivors (12288K)
 Metaspace       used 85214K, capacity 87398K, committed 87664K, reserved 1126400K
  class space    used 10990K, capacity 11758K, committed 11852K, reserved 1048576K
}
Event: 19.731 GC heap before
{Heap before GC invocations=17 (full 0):
 garbage-first heap   total 262144K, used 205539K [0x0000000080000000, 0x0000000100000000)
  region size 1024K, 111 young (113664K), 12 survivors (12288K)
 Metaspace       used 92352K, capacity 94723K, committed 94960K, reserved 1132544K
  class space    used 11893K, capacity 12726K, committed 12748K, reserved 1048576K
}
Event: 19.747 GC heap after
{Heap after GC invocations=18 (full 0):
 garbage-first heap   total 262144K, used 115883K [0x0000000080000000, 0x0000000100000000)
  region size 1024K, 14 young (14336K), 14 survivors (14336K)
 Metaspace       used 92352K, capacity 94723K, committed 94960K, reserved 1132544K
  class space    used 11893K, capacity 12726K, committed 12748K, reserved 1048576K
}
Event: 20.817 GC heap before
{Heap before GC invocations=18 (full 0):
 garbage-first heap   total 262144K, used 207019K [0x0000000080000000, 0x0000000100000000)
  region size 1024K, 102 young (104448K), 14 survivors (14336K)
 Metaspace       used 100759K, capacity 103371K, committed 103408K, reserved 1138688K
  class space    used 12838K, capacity 13755K, committed 13772K, reserved 1048576K
}
Event: 20.832 GC heap after
{Heap after GC invocations=19 (full 0):
 garbage-first heap   total 262144K, used 122204K [0x0000000080000000, 0x0000000100000000)
  region size 1024K, 6 young (6144K), 6 survivors (6144K)
 Metaspace       used 100759K, capacity 103371K, committed 103408K, reserved 1138688K
  class space    used 12838K, capacity 13755K, committed 13772K, reserved 1048576K
}
Event: 22.708 GC heap before
{Heap before GC invocations=19 (full 0):
 garbage-first heap   total 262144K, used 209244K [0x0000000080000000, 0x0000000100000000)
  region size 1024K, 92 young (94208K), 6 survivors (6144K)
 Metaspace       used 102563K, capacity 105215K, committed 105456K, reserved 1140736K
  class space    used 13029K, capacity 14000K, committed 14028K, reserved 1048576K
}
Event: 22.724 GC heap after
{Heap after GC invocations=20 (full 0):
 garbage-first heap   total 262144K, used 126964K [0x0000000080000000, 0x0000000100000000)
  region size 1024K, 11 young (11264K), 11 survivors (11264K)
 Metaspace       used 102563K, capacity 105215K, committed 105456K, reserved 1140736K
  class space    used 13029K, capacity 14000K, committed 14028K, reserved 1048576K
}
Event: 24.040 GC heap before
{Heap before GC invocations=20 (full 0):
 garbage-first heap   total 262144K, used 211956K [0x0000000080000000, 0x0000000100000000)
  region size 1024K, 95 young (97280K), 11 survivors (11264K)
 Metaspace       used 107914K, capacity 110745K, committed 110832K, reserved 1144832K
  class space    used 13752K, capacity 14775K, committed 14796K, reserved 1048576K
}
Event: 24.054 GC heap after
{Heap after GC invocations=21 (full 0):
 garbage-first heap   total 262144K, used 131680K [0x0000000080000000, 0x0000000100000000)
  region size 1024K, 11 young (11264K), 11 survivors (11264K)
 Metaspace       used 107914K, capacity 110745K, committed 110832K, reserved 1144832K
  class space    used 13752K, capacity 14775K, committed 14796K, reserved 1048576K
}
Event: 24.900 GC heap before
{Heap before GC invocations=21 (full 0):
 garbage-first heap   total 262144K, used 215648K [0x0000000080000000, 0x0000000100000000)
  region size 1024K, 93 young (95232K), 11 survivors (11264K)
 Metaspace       used 113057K, capacity 116018K, committed 116208K, reserved 1150976K
  class space    used 14368K, capacity 15438K, committed 15564K, reserved 1048576K
}
Event: 24.919 GC heap after
{Heap after GC invocations=22 (full 0):
 garbage-first heap   total 262144K, used 137419K [0x0000000080000000, 0x0000000100000000)
  region size 1024K, 10 young (10240K), 10 survivors (10240K)
 Metaspace       used 113057K, capacity 116018K, committed 116208K, reserved 1150976K
  class space    used 14368K, capacity 15438K, committed 15564K, reserved 1048576K
}
Event: 76.443 GC heap before
{Heap before GC invocations=23 (full 0):
 garbage-first heap   total 262144K, used 218315K [0x0000000080000000, 0x0000000100000000)
  region size 1024K, 89 young (91136K), 10 survivors (10240K)
 Metaspace       used 118246K, capacity 121222K, committed 121584K, reserved 1155072K
  class space    used 14831K, capacity 15941K, committed 16076K, reserved 1048576K
}
Event: 76.460 GC heap after
{Heap after GC invocations=24 (full 0):
 garbage-first heap   total 262144K, used 144647K [0x0000000080000000, 0x0000000100000000)
  region size 1024K, 12 young (12288K), 12 survivors (12288K)
 Metaspace       used 118246K, capacity 121222K, committed 121584K, reserved 1155072K
  class space    used 14831K, capacity 15941K, committed 16076K, reserved 1048576K
}
Event: 77.853 GC heap before
{Heap before GC invocations=24 (full 0):
 garbage-first heap   total 262144K, used 216327K [0x0000000080000000, 0x0000000100000000)
  region size 1024K, 83 young (84992K), 12 survivors (12288K)
 Metaspace       used 119620K, capacity 122879K, committed 123120K, reserved 1157120K
  class space    used 15040K, capacity 16205K, committed 16332K, reserved 1048576K
}

